Build started 07/05/2015 19:39:52.
     1>Project "A:\GitHub\CubedWorld\CubedWorld\src\cpp\Base\Base.vcxproj" on node 2 (Build target(s)).
     1>ClCompile:
         C:\Program Files (x86)\Microsoft Visual Studio 12.0\VC\bin\CL.exe /c /ZI /nologo /W3 /WX- /Od /Oy- /D WIN32 /D _DEBUG /D _WINDOWS /D _MBCS /D _USRDLL /D Base_EXPORTS /Gm- /EHsc /RTC1 /MTd /GS /fp:precise /Zc:wchar_t /Zc:forScope /Fo".\Debug/" /Fd".\Debug/vc120.pdb" /Gd /TP /analyze- /errorReport:prompt Base.cpp
         Base.cpp
         C:\Program Files (x86)\Microsoft Visual Studio 12.0\VC\bin\CL.exe /c /ZI /nologo /W3 /WX- /Od /Oy- /D WIN32 /D _DEBUG /D _WINDOWS /D _USRDLL /D Base_EXPORTS /D _WINDLL /D _MBCS /Gm- /EHsc /RTC1 /MTd /GS /fp:precise /Zc:wchar_t /Zc:forScope /Fo".\Debug/" /Fd".\Debug/vc120.pdb" /Gd /TP /analyze- /errorReport:prompt Console.cpp Events.cpp
         Console.cpp
         Events.cpp
         Generating Code...
       Link:
         C:\Program Files (x86)\Microsoft Visual Studio 12.0\VC\bin\link.exe /ERRORREPORT:PROMPT /OUT:".\Debug/Base.dll" /INCREMENTAL:NO /NOLOGO kernel32.lib user32.lib gdi32.lib winspool.lib comdlg32.lib advapi32.lib shell32.lib ole32.lib oleaut32.lib uuid.lib odbc32.lib odbccp32.lib /MANIFEST /MANIFESTUAC:"level='asInvoker' uiAccess='false'" /manifest:embed /DEBUG /PDB:".\Debug/Base.pdb" /TLBID:1 /DYNAMICBASE /NXCOMPAT /IMPLIB:".\Debug/Base.lib" /MACHINE:X86 /SAFESEH /DLL .\Debug/Base.obj
         .\Debug/Cave.obj
         .\Debug/Console.obj
         .\Debug/Events.obj
     1>Base.obj : warning LNK4075: ignoring '/EDITANDCONTINUE' due to '/OPT:LBR' specification
            Creating library .\Debug/Base.lib and object .\Debug/Base.exp
         Base.vcxproj -> A:\GitHub\CubedWorld\CubedWorld\src\cpp\Base\.\Debug\Base.dll
     1>Done Building Project "A:\GitHub\CubedWorld\CubedWorld\src\cpp\Base\Base.vcxproj" (Build target(s)).

Build succeeded.

Time Elapsed 00:00:03.26
