a:\github\cubedworld\cubedworld\src\cpp\base\debug\base.lib
a:\github\cubedworld\cubedworld\src\cpp\base\debug\base.exp
a:\github\cubedworld\cubedworld\src\cpp\base\debug\vc120.pdb
a:\github\cubedworld\cubedworld\src\cpp\base\debug\vc120.idb
a:\github\cubedworld\cubedworld\src\cpp\base\debug\console.obj
a:\github\cubedworld\cubedworld\src\cpp\base\debug\cave.obj
a:\github\cubedworld\cubedworld\src\cpp\base\debug\base.obj
a:\github\cubedworld\cubedworld\src\cpp\base\debug\events.obj
g:\github\cubedworld\src\cpp\base\debug\vc120.pdb
g:\github\cubedworld\src\cpp\base\debug\vc120.idb
g:\github\cubedworld\src\cpp\base\debug\base.obj
g:\github\cubedworld\src\cpp\base\debug\events.obj
g:\github\cubedworld\src\cpp\base\debug\console.obj
g:\github\cubedworld\src\cpp\base\debug\cave.obj
a:\github\cubedworld\cubedworld\src\cpp\base\debug\base.dll
a:\github\cubedworld\cubedworld\src\cpp\base\debug\base.pdb
g:\github\cubedworld\src\cpp\base\debug\base.exp
g:\github\cubedworld\src\cpp\base\debug\base.pdb
g:\github\cubedworld\src\cpp\base\debug\base.tlog\base.write.1u.tlog
g:\github\cubedworld\src\cpp\base\debug\base.tlog\cl.command.1.tlog
g:\github\cubedworld\src\cpp\base\debug\base.tlog\cl.read.1.tlog
g:\github\cubedworld\src\cpp\base\debug\base.tlog\cl.write.1.tlog
g:\github\cubedworld\src\cpp\base\debug\base.tlog\link.command.1.tlog
g:\github\cubedworld\src\cpp\base\debug\base.tlog\link.read.1.tlog
g:\github\cubedworld\src\cpp\base\debug\base.tlog\link.write.1.tlog
